*   7337a63 : hghg
|\  
| * 313df87 : msg
| * 82e5fdc : commiting
* | 444cc9d : msg
|/  
* 79675ad : FIle updated
* 6b677b4 : Cloud
* 6252f26 : Add files via upload
* 730b79d : Create mylogsk.txt
* e054bc9 : answer to item A
* 586f1e3 : delete rtf file
* c001d07 : answers to item A
* 8354818 : answers to itemA
* e18a3cc : Create kunwar,s A part Ans.txt
* 44764b6 : file stashed check
* fdc456d : file added to commit
* f1e0915 : final push commit
* 0848563 : commiting file after adding, modifying
* 5c86fc1 : added a file & comiiting
*   38e8ecb : Merge branch 'main' of https://github.com/muralicloud/UI into main
|\  
| * 841b804 : assignment
* | 4d9e262 : deleted
* | 98cd412 :  deleting file
|/  
* dc05d11 : Initial commit